  DataBase.cpp
c:\c++\flightreservationapp\flightreservationapp\database.cpp(12): error C2143: syntax error: missing ';' before '&'
c:\c++\flightreservationapp\flightreservationapp\database.cpp(12): error C4430: missing type specifier - int assumed. Note: C++ does not support default-int
c:\c++\flightreservationapp\flightreservationapp\database.cpp(12): error C2653: 'Database': is not a class or namespace name
c:\c++\flightreservationapp\flightreservationapp\database.cpp(12): error C2143: syntax error: missing ',' before '&'
c:\c++\flightreservationapp\flightreservationapp\database.cpp(13): error C4430: missing type specifier - int assumed. Note: C++ does not support default-int
c:\c++\flightreservationapp\flightreservationapp\database.cpp(13): error C2059: syntax error: '{'
c:\c++\flightreservationapp\flightreservationapp\database.cpp(13): error C2143: syntax error: missing ';' before '{'
c:\c++\flightreservationapp\flightreservationapp\database.cpp(13): error C2447: '{': missing function header (old-style formal list?)
c:\c++\flightreservationapp\flightreservationapp\database.cpp(21): error C2143: syntax error: missing ';' before '&'
c:\c++\flightreservationapp\flightreservationapp\database.cpp(21): error C4430: missing type specifier - int assumed. Note: C++ does not support default-int
c:\c++\flightreservationapp\flightreservationapp\database.cpp(21): error C2653: 'Database': is not a class or namespace name
c:\c++\flightreservationapp\flightreservationapp\database.cpp(21): error C2143: syntax error: missing ',' before '&'
c:\c++\flightreservationapp\flightreservationapp\database.cpp(23): error C4430: missing type specifier - int assumed. Note: C++ does not support default-int
c:\c++\flightreservationapp\flightreservationapp\database.cpp(23): error C2059: syntax error: '{'
c:\c++\flightreservationapp\flightreservationapp\database.cpp(23): error C2143: syntax error: missing ';' before '{'
c:\c++\flightreservationapp\flightreservationapp\database.cpp(23): error C2447: '{': missing function header (old-style formal list?)
c:\c++\flightreservationapp\flightreservationapp\database.cpp(30): error C2143: syntax error: missing ';' before '&'
c:\c++\flightreservationapp\flightreservationapp\database.cpp(30): error C4430: missing type specifier - int assumed. Note: C++ does not support default-int
c:\c++\flightreservationapp\flightreservationapp\database.cpp(30): error C2086: 'int FlightReservationApp::Flight': redefinition
  c:\c++\flightreservationapp\flightreservationapp\database.cpp(12): note: see declaration of 'FlightReservationApp::Flight'
c:\c++\flightreservationapp\flightreservationapp\database.cpp(30): error C2653: 'Database': is not a class or namespace name
c:\c++\flightreservationapp\flightreservationapp\database.cpp(30): error C2143: syntax error: missing ',' before '&'
c:\c++\flightreservationapp\flightreservationapp\database.cpp(31): error C4430: missing type specifier - int assumed. Note: C++ does not support default-int
c:\c++\flightreservationapp\flightreservationapp\database.cpp(31): error C2059: syntax error: '{'
c:\c++\flightreservationapp\flightreservationapp\database.cpp(31): error C2143: syntax error: missing ';' before '{'
c:\c++\flightreservationapp\flightreservationapp\database.cpp(31): error C2447: '{': missing function header (old-style formal list?)
c:\c++\flightreservationapp\flightreservationapp\database.cpp(42): error C2143: syntax error: missing ';' before '&'
c:\c++\flightreservationapp\flightreservationapp\database.cpp(42): error C4430: missing type specifier - int assumed. Note: C++ does not support default-int
c:\c++\flightreservationapp\flightreservationapp\database.cpp(42): error C2086: 'int FlightReservationApp::Passenger': redefinition
  c:\c++\flightreservationapp\flightreservationapp\database.cpp(21): note: see declaration of 'FlightReservationApp::Passenger'
c:\c++\flightreservationapp\flightreservationapp\database.cpp(42): error C2653: 'Database': is not a class or namespace name
c:\c++\flightreservationapp\flightreservationapp\database.cpp(42): error C2143: syntax error: missing ',' before '&'
c:\c++\flightreservationapp\flightreservationapp\database.cpp(43): error C4430: missing type specifier - int assumed. Note: C++ does not support default-int
c:\c++\flightreservationapp\flightreservationapp\database.cpp(43): error C2059: syntax error: '{'
c:\c++\flightreservationapp\flightreservationapp\database.cpp(43): error C2143: syntax error: missing ';' before '{'
c:\c++\flightreservationapp\flightreservationapp\database.cpp(43): error C2447: '{': missing function header (old-style formal list?)
c:\c++\flightreservationapp\flightreservationapp\database.cpp(55): error C2143: syntax error: missing ';' before '&'
c:\c++\flightreservationapp\flightreservationapp\database.cpp(55): error C4430: missing type specifier - int assumed. Note: C++ does not support default-int
c:\c++\flightreservationapp\flightreservationapp\database.cpp(55): error C2086: 'int FlightReservationApp::Passenger': redefinition
  c:\c++\flightreservationapp\flightreservationapp\database.cpp(21): note: see declaration of 'FlightReservationApp::Passenger'
c:\c++\flightreservationapp\flightreservationapp\database.cpp(55): error C2653: 'Database': is not a class or namespace name
c:\c++\flightreservationapp\flightreservationapp\database.cpp(56): error C4430: missing type specifier - int assumed. Note: C++ does not support default-int
c:\c++\flightreservationapp\flightreservationapp\database.cpp(56): error C2059: syntax error: '{'
c:\c++\flightreservationapp\flightreservationapp\database.cpp(56): error C2143: syntax error: missing ';' before '{'
c:\c++\flightreservationapp\flightreservationapp\database.cpp(56): error C2447: '{': missing function header (old-style formal list?)
c:\c++\flightreservationapp\flightreservationapp\database.cpp(70): error C2653: 'Database': is not a class or namespace name
c:\c++\flightreservationapp\flightreservationapp\database.cpp(73): error C2065: 'mFlights': undeclared identifier
c:\c++\flightreservationapp\flightreservationapp\database.cpp(74): error C3312: no callable 'begin' function found for type 'unknown-type'
c:\c++\flightreservationapp\flightreservationapp\database.cpp(74): error C3312: no callable 'end' function found for type 'unknown-type'
c:\c++\flightreservationapp\flightreservationapp\database.cpp(75): error C2065: 'flights': undeclared identifier
c:\c++\flightreservationapp\flightreservationapp\database.cpp(81): error C2653: 'Database': is not a class or namespace name
c:\c++\flightreservationapp\flightreservationapp\database.cpp(84): error C2065: 'mPassengers': undeclared identifier
c:\c++\flightreservationapp\flightreservationapp\database.cpp(85): error C3312: no callable 'begin' function found for type 'unknown-type'
c:\c++\flightreservationapp\flightreservationapp\database.cpp(85): error C3312: no callable 'end' function found for type 'unknown-type'
c:\c++\flightreservationapp\flightreservationapp\database.cpp(87): error C2065: 'passenger': undeclared identifier
  FlightReservationApp.cpp
  Passenger.cpp
c:\c++\flightreservationapp\flightreservationapp\passenger.cpp(8): error C2653: 'Passenger': is not a class or namespace name
c:\c++\flightreservationapp\flightreservationapp\passenger.cpp(9): error C4430: missing type specifier - int assumed. Note: C++ does not support default-int
c:\c++\flightreservationapp\flightreservationapp\passenger.cpp(10): error C2550: 'FlightReservationApp::Passenger': constructor initializer lists are only allowed on constructor definitions
c:\c++\flightreservationapp\flightreservationapp\passenger.cpp(12): warning C4508: 'FlightReservationApp::Passenger': function should return a value; 'void' return type assumed
c:\c++\flightreservationapp\flightreservationapp\passenger.cpp(15): error C2510: 'Passenger': left of '::' must be a class/struct/union
c:\c++\flightreservationapp\flightreservationapp\passenger.cpp(16): error C2065: 'mpassengerFirstname': undeclared identifier
c:\c++\flightreservationapp\flightreservationapp\passenger.cpp(20): error C2510: 'Passenger': left of '::' must be a class/struct/union
c:\c++\flightreservationapp\flightreservationapp\passenger.cpp(20): error C2270: 'getpassengerFirstname': modifiers not allowed on nonmember functions
c:\c++\flightreservationapp\flightreservationapp\passenger.cpp(22): error C2065: 'mpassengerFirstname': undeclared identifier
c:\c++\flightreservationapp\flightreservationapp\passenger.cpp(26): error C2510: 'Passenger': left of '::' must be a class/struct/union
c:\c++\flightreservationapp\flightreservationapp\passenger.cpp(27): error C2065: 'mpassengerLastname': undeclared identifier
c:\c++\flightreservationapp\flightreservationapp\passenger.cpp(31): error C2510: 'Passenger': left of '::' must be a class/struct/union
c:\c++\flightreservationapp\flightreservationapp\passenger.cpp(32): error C2270: 'getpassengerLastname': modifiers not allowed on nonmember functions
c:\c++\flightreservationapp\flightreservationapp\passenger.cpp(34): error C2065: 'mpassengerLastname': undeclared identifier
c:\c++\flightreservationapp\flightreservationapp\passenger.cpp(37): error C2510: 'Passenger': left of '::' must be a class/struct/union
c:\c++\flightreservationapp\flightreservationapp\passenger.cpp(38): error C2065: 'mpassengeraddress': undeclared identifier
c:\c++\flightreservationapp\flightreservationapp\passenger.cpp(42): error C2510: 'Passenger': left of '::' must be a class/struct/union
c:\c++\flightreservationapp\flightreservationapp\passenger.cpp(42): error C2270: 'getpassengerAddress': modifiers not allowed on nonmember functions
c:\c++\flightreservationapp\flightreservationapp\passenger.cpp(44): error C2065: 'mpassengeraddress': undeclared identifier
c:\c++\flightreservationapp\flightreservationapp\passenger.cpp(47): error C2510: 'Passenger': left of '::' must be a class/struct/union
c:\c++\flightreservationapp\flightreservationapp\passenger.cpp(48): error C2065: 'mpassengeremail': undeclared identifier
c:\c++\flightreservationapp\flightreservationapp\passenger.cpp(52): error C2510: 'Passenger': left of '::' must be a class/struct/union
c:\c++\flightreservationapp\flightreservationapp\passenger.cpp(52): error C2270: 'getpassengerEmail': modifiers not allowed on nonmember functions
c:\c++\flightreservationapp\flightreservationapp\passenger.cpp(54): error C2065: 'mpassengeremail': undeclared identifier
c:\c++\flightreservationapp\flightreservationapp\passenger.cpp(57): error C2510: 'Passenger': left of '::' must be a class/struct/union
c:\c++\flightreservationapp\flightreservationapp\passenger.cpp(59): error C2065: 'mpassengerphonenumber': undeclared identifier
c:\c++\flightreservationapp\flightreservationapp\passenger.cpp(63): error C2510: 'Passenger': left of '::' must be a class/struct/union
c:\c++\flightreservationapp\flightreservationapp\passenger.cpp(64): error C2270: 'getpassengerPhonenumber': modifiers not allowed on nonmember functions
c:\c++\flightreservationapp\flightreservationapp\passenger.cpp(65): error C2065: 'mpassengerphonenumber': undeclared identifier
c:\c++\flightreservationapp\flightreservationapp\passenger.cpp(70): error C2510: 'Passenger': left of '::' must be a class/struct/union
c:\c++\flightreservationapp\flightreservationapp\passenger.cpp(72): error C2065: 'mClass': undeclared identifier
c:\c++\flightreservationapp\flightreservationapp\passenger.cpp(74): error C2510: 'Passenger': left of '::' must be a class/struct/union
c:\c++\flightreservationapp\flightreservationapp\passenger.cpp(75): error C2270: 'getClass': modifiers not allowed on nonmember functions
c:\c++\flightreservationapp\flightreservationapp\passenger.cpp(76): error C2065: 'mClass': undeclared identifier
c:\c++\flightreservationapp\flightreservationapp\passenger.cpp(81): error C2510: 'Passenger': left of '::' must be a class/struct/union
c:\c++\flightreservationapp\flightreservationapp\passenger.cpp(82): error C2270: 'passengerinfo': modifiers not allowed on nonmember functions
c:\c++\flightreservationapp\flightreservationapp\passenger.cpp(84): error C2679: binary '<<': no operator found which takes a right-hand operand of type 'const std::string' (or there is no acceptable conversion)
  c:\program files (x86)\microsoft visual studio\2017\community\vc\tools\msvc\14.16.27023\include\ostream(508): note: could be 'std::basic_ostream<char,std::char_traits<char>> &std::basic_ostream<char,std::char_traits<char>>::operator <<(std::basic_streambuf<char,std::char_traits<char>> *)'
  c:\program files (x86)\microsoft visual studio\2017\community\vc\tools\msvc\14.16.27023\include\ostream(480): note: or       'std::basic_ostream<char,std::char_traits<char>> &std::basic_ostream<char,std::char_traits<char>>::operator <<(const void *)'
  c:\program files (x86)\microsoft visual studio\2017\community\vc\tools\msvc\14.16.27023\include\ostream(460): note: or       'std::basic_ostream<char,std::char_traits<char>> &std::basic_ostream<char,std::char_traits<char>>::operator <<(long double)'
  c:\program files (x86)\microsoft visual studio\2017\community\vc\tools\msvc\14.16.27023\include\ostream(440): note: or       'std::basic_ostream<char,std::char_traits<char>> &std::basic_ostream<char,std::char_traits<char>>::operator <<(double)'
  c:\program files (x86)\microsoft visual studio\2017\community\vc\tools\msvc\14.16.27023\include\ostream(420): note: or       'std::basic_ostream<char,std::char_traits<char>> &std::basic_ostream<char,std::char_traits<char>>::operator <<(float)'
  c:\program files (x86)\microsoft visual studio\2017\community\vc\tools\msvc\14.16.27023\include\ostream(400): note: or       'std::basic_ostream<char,std::char_traits<char>> &std::basic_ostream<char,std::char_traits<char>>::operator <<(unsigned __int64)'
  c:\program files (x86)\microsoft visual studio\2017\community\vc\tools\msvc\14.16.27023\include\ostream(380): note: or       'std::basic_ostream<char,std::char_traits<char>> &std::basic_ostream<char,std::char_traits<char>>::operator <<(__int64)'
  c:\program files (x86)\microsoft visual studio\2017\community\vc\tools\msvc\14.16.27023\include\ostream(360): note: or       'std::basic_ostream<char,std::char_traits<char>> &std::basic_ostream<char,std::char_traits<char>>::operator <<(unsigned long)'
  c:\program files (x86)\microsoft visual studio\2017\community\vc\tools\msvc\14.16.27023\include\ostream(340): note: or       'std::basic_ostream<char,std::char_traits<char>> &std::basic_ostream<char,std::char_traits<char>>::operator <<(long)'
  c:\program files (x86)\microsoft visual studio\2017\community\vc\tools\msvc\14.16.27023\include\ostream(320): note: or       'std::basic_ostream<char,std::char_traits<char>> &std::basic_ostream<char,std::char_traits<char>>::operator <<(unsigned int)'
  c:\program files (x86)\microsoft visual studio\2017\community\vc\tools\msvc\14.16.27023\include\ostream(295): note: or       'std::basic_ostream<char,std::char_traits<char>> &std::basic_ostream<char,std::char_traits<char>>::operator <<(int)'
  c:\program files (x86)\microsoft visual studio\2017\community\vc\tools\msvc\14.16.27023\include\ostream(275): note: or       'std::basic_ostream<char,std::char_traits<char>> &std::basic_ostream<char,std::char_traits<char>>::operator <<(unsigned short)'
  c:\program files (x86)\microsoft visual studio\2017\community\vc\tools\msvc\14.16.27023\include\ostream(241): note: or       'std::basic_ostream<char,std::char_traits<char>> &std::basic_ostream<char,std::char_traits<char>>::operator <<(short)'
  c:\program files (x86)\microsoft visual studio\2017\community\vc\tools\msvc\14.16.27023\include\ostream(221): note: or       'std::basic_ostream<char,std::char_traits<char>> &std::basic_ostream<char,std::char_traits<char>>::operator <<(bool)'
  c:\program files (x86)\microsoft visual studio\2017\community\vc\tools\msvc\14.16.27023\include\ostream(215): note: or       'std::basic_ostream<char,std::char_traits<char>> &std::basic_ostream<char,std::char_traits<char>>::operator <<(std::ios_base &(__cdecl *)(std::ios_base &))'
  c:\program files (x86)\microsoft visual studio\2017\community\vc\tools\msvc\14.16.27023\include\ostream(209): note: or       'std::basic_ostream<char,std::char_traits<char>> &std::basic_ostream<char,std::char_traits<char>>::operator <<(std::basic_ios<char,std::char_traits<char>> &(__cdecl *)(std::basic_ios<char,std::char_traits<char>> &))'
  c:\program files (x86)\microsoft visual studio\2017\community\vc\tools\msvc\14.16.27023\include\ostream(204): note: or       'std::basic_ostream<char,std::char_traits<char>> &std::basic_ostream<char,std::char_traits<char>>::operator <<(std::basic_ostream<char,std::char_traits<char>> &(__cdecl *)(std::basic_ostream<char,std::char_traits<char>> &))'
  c:\program files (x86)\microsoft visual studio\2017\community\vc\tools\msvc\14.16.27023\include\ostream(1047): note: or       'std::basic_ostream<char,std::char_traits<char>> &std::operator <<<char,std::char_traits<char>>(std::basic_ostream<char,std::char_traits<char>> &,const std::error_code &)'
  c:\program files (x86)\microsoft visual studio\2017\community\vc\tools\msvc\14.16.27023\include\ostream(981): note: or       'std::basic_ostream<char,std::char_traits<char>> &std::operator <<<std::char_traits<char>>(std::basic_ostream<char,std::char_traits<char>> &,unsigned char)'
  c:\program files (x86)\microsoft visual studio\2017\community\vc\tools\msvc\14.16.27023\include\ostream(974): note: or       'std::basic_ostream<char,std::char_traits<char>> &std::operator <<<std::char_traits<char>>(std::basic_ostream<char,std::char_traits<char>> &,const unsigned char *)'
  c:\program files (x86)\microsoft visual studio\2017\community\vc\tools\msvc\14.16.27023\include\ostream(967): note: or       'std::basic_ostream<char,std::char_traits<char>> &std::operator <<<std::char_traits<char>>(std::basic_ostream<char,std::char_traits<char>> &,signed char)'
  c:\program files (x86)\microsoft visual studio\2017\community\vc\tools\msvc\14.16.27023\include\ostream(960): note: or       'std::basic_ostream<char,std::char_traits<char>> &std::operator <<<std::char_traits<char>>(std::basic_ostream<char,std::char_traits<char>> &,const signed char *)'
  c:\program files (x86)\microsoft visual studio\2017\community\vc\tools\msvc\14.16.27023\include\ostream(834): note: or       'std::basic_ostream<char,std::char_traits<char>> &std::operator <<<std::char_traits<char>>(std::basic_ostream<char,std::char_traits<char>> &,char)'
  c:\program files (x86)\microsoft visual studio\2017\community\vc\tools\msvc\14.16.27023\include\ostream(787): note: or       'std::basic_ostream<char,std::char_traits<char>> &std::operator <<<std::char_traits<char>>(std::basic_ostream<char,std::char_traits<char>> &,const char *)'
  c:\program files (x86)\microsoft visual studio\2017\community\vc\tools\msvc\14.16.27023\include\ostream(749): note: or       'std::basic_ostream<char,std::char_traits<char>> &std::operator <<<char,std::char_traits<char>>(std::basic_ostream<char,std::char_traits<char>> &,char)'
  c:\program files (x86)\microsoft visual studio\2017\community\vc\tools\msvc\14.16.27023\include\ostream(702): note: or       'std::basic_ostream<char,std::char_traits<char>> &std::operator <<<char,std::char_traits<char>>(std::basic_ostream<char,std::char_traits<char>> &,const char *)'
  c:\c++\flightreservationapp\flightreservationapp\passenger.cpp(84): note: while trying to match the argument list '(std::basic_ostream<char,std::char_traits<char>>, const std::string)'
c:\c++\flightreservationapp\flightreservationapp\passenger.cpp(86): error C2679: binary '<<': no operator found which takes a right-hand operand of type 'const std::string' (or there is no acceptable conversion)
  c:\program files (x86)\microsoft visual studio\2017\community\vc\tools\msvc\14.16.27023\include\ostream(508): note: could be 'std::basic_ostream<char,std::char_traits<char>> &std::basic_ostream<char,std::char_traits<char>>::operator <<(std::basic_streambuf<char,std::char_traits<char>> *)'
  c:\program files (x86)\microsoft visual studio\2017\community\vc\tools\msvc\14.16.27023\include\ostream(480): note: or       'std::basic_ostream<char,std::char_traits<char>> &std::basic_ostream<char,std::char_traits<char>>::operator <<(const void *)'
  c:\program files (x86)\microsoft visual studio\2017\community\vc\tools\msvc\14.16.27023\include\ostream(460): note: or       'std::basic_ostream<char,std::char_traits<char>> &std::basic_ostream<char,std::char_traits<char>>::operator <<(long double)'
  c:\program files (x86)\microsoft visual studio\2017\community\vc\tools\msvc\14.16.27023\include\ostream(440): note: or       'std::basic_ostream<char,std::char_traits<char>> &std::basic_ostream<char,std::char_traits<char>>::operator <<(double)'
  c:\program files (x86)\microsoft visual studio\2017\community\vc\tools\msvc\14.16.27023\include\ostream(420): note: or       'std::basic_ostream<char,std::char_traits<char>> &std::basic_ostream<char,std::char_traits<char>>::operator <<(float)'
  c:\program files (x86)\microsoft visual studio\2017\community\vc\tools\msvc\14.16.27023\include\ostream(400): note: or       'std::basic_ostream<char,std::char_traits<char>> &std::basic_ostream<char,std::char_traits<char>>::operator <<(unsigned __int64)'
  c:\program files (x86)\microsoft visual studio\2017\community\vc\tools\msvc\14.16.27023\include\ostream(380): note: or       'std::basic_ostream<char,std::char_traits<char>> &std::basic_ostream<char,std::char_traits<char>>::operator <<(__int64)'
  c:\program files (x86)\microsoft visual studio\2017\community\vc\tools\msvc\14.16.27023\include\ostream(360): note: or       'std::basic_ostream<char,std::char_traits<char>> &std::basic_ostream<char,std::char_traits<char>>::operator <<(unsigned long)'
  c:\program files (x86)\microsoft visual studio\2017\community\vc\tools\msvc\14.16.27023\include\ostream(340): note: or       'std::basic_ostream<char,std::char_traits<char>> &std::basic_ostream<char,std::char_traits<char>>::operator <<(long)'
  c:\program files (x86)\microsoft visual studio\2017\community\vc\tools\msvc\14.16.27023\include\ostream(320): note: or       'std::basic_ostream<char,std::char_traits<char>> &std::basic_ostream<char,std::char_traits<char>>::operator <<(unsigned int)'
  c:\program files (x86)\microsoft visual studio\2017\community\vc\tools\msvc\14.16.27023\include\ostream(295): note: or       'std::basic_ostream<char,std::char_traits<char>> &std::basic_ostream<char,std::char_traits<char>>::operator <<(int)'
  c:\program files (x86)\microsoft visual studio\2017\community\vc\tools\msvc\14.16.27023\include\ostream(275): note: or       'std::basic_ostream<char,std::char_traits<char>> &std::basic_ostream<char,std::char_traits<char>>::operator <<(unsigned short)'
  c:\program files (x86)\microsoft visual studio\2017\community\vc\tools\msvc\14.16.27023\include\ostream(241): note: or       'std::basic_ostream<char,std::char_traits<char>> &std::basic_ostream<char,std::char_traits<char>>::operator <<(short)'
  c:\program files (x86)\microsoft visual studio\2017\community\vc\tools\msvc\14.16.27023\include\ostream(221): note: or       'std::basic_ostream<char,std::char_traits<char>> &std::basic_ostream<char,std::char_traits<char>>::operator <<(bool)'
  c:\program files (x86)\microsoft visual studio\2017\community\vc\tools\msvc\14.16.27023\include\ostream(215): note: or       'std::basic_ostream<char,std::char_traits<char>> &std::basic_ostream<char,std::char_traits<char>>::operator <<(std::ios_base &(__cdecl *)(std::ios_base &))'
  c:\program files (x86)\microsoft visual studio\2017\community\vc\tools\msvc\14.16.27023\include\ostream(209): note: or       'std::basic_ostream<char,std::char_traits<char>> &std::basic_ostream<char,std::char_traits<char>>::operator <<(std::basic_ios<char,std::char_traits<char>> &(__cdecl *)(std::basic_ios<char,std::char_traits<char>> &))'
  c:\program files (x86)\microsoft visual studio\2017\community\vc\tools\msvc\14.16.27023\include\ostream(204): note: or       'std::basic_ostream<char,std::char_traits<char>> &std::basic_ostream<char,std::char_traits<char>>::operator <<(std::basic_ostream<char,std::char_traits<char>> &(__cdecl *)(std::basic_ostream<char,std::char_traits<char>> &))'
  c:\program files (x86)\microsoft visual studio\2017\community\vc\tools\msvc\14.16.27023\include\ostream(1047): note: or       'std::basic_ostream<char,std::char_traits<char>> &std::operator <<<char,std::char_traits<char>>(std::basic_ostream<char,std::char_traits<char>> &,const std::error_code &)'
  c:\program files (x86)\microsoft visual studio\2017\community\vc\tools\msvc\14.16.27023\include\ostream(981): note: or       'std::basic_ostream<char,std::char_traits<char>> &std::operator <<<std::char_traits<char>>(std::basic_ostream<char,std::char_traits<char>> &,unsigned char)'
  c:\program files (x86)\microsoft visual studio\2017\community\vc\tools\msvc\14.16.27023\include\ostream(974): note: or       'std::basic_ostream<char,std::char_traits<char>> &std::operator <<<std::char_traits<char>>(std::basic_ostream<char,std::char_traits<char>> &,const unsigned char *)'
  c:\program files (x86)\microsoft visual studio\2017\community\vc\tools\msvc\14.16.27023\include\ostream(967): note: or       'std::basic_ostream<char,std::char_traits<char>> &std::operator <<<std::char_traits<char>>(std::basic_ostream<char,std::char_traits<char>> &,signed char)'
  c:\program files (x86)\microsoft visual studio\2017\community\vc\tools\msvc\14.16.27023\include\ostream(960): note: or       'std::basic_ostream<char,std::char_traits<char>> &std::operator <<<std::char_traits<char>>(std::basic_ostream<char,std::char_traits<char>> &,const signed char *)'
  c:\program files (x86)\microsoft visual studio\2017\community\vc\tools\msvc\14.16.27023\include\ostream(834): note: or       'std::basic_ostream<char,std::char_traits<char>> &std::operator <<<std::char_traits<char>>(std::basic_ostream<char,std::char_traits<char>> &,char)'
  c:\program files (x86)\microsoft visual studio\2017\community\vc\tools\msvc\14.16.27023\include\ostream(787): note: or       'std::basic_ostream<char,std::char_traits<char>> &std::operator <<<std::char_traits<char>>(std::basic_ostream<char,std::char_traits<char>> &,const char *)'
  c:\program files (x86)\microsoft visual studio\2017\community\vc\tools\msvc\14.16.27023\include\ostream(749): note: or       'std::basic_ostream<char,std::char_traits<char>> &std::operator <<<char,std::char_traits<char>>(std::basic_ostream<char,std::char_traits<char>> &,char)'
  c:\program files (x86)\microsoft visual studio\2017\community\vc\tools\msvc\14.16.27023\include\ostream(702): note: or       'std::basic_ostream<char,std::char_traits<char>> &std::operator <<<char,std::char_traits<char>>(std::basic_ostream<char,std::char_traits<char>> &,const char *)'
  c:\c++\flightreservationapp\flightreservationapp\passenger.cpp(86): note: while trying to match the argument list '(std::basic_ostream<char,std::char_traits<char>>, const std::string)'
c:\c++\flightreservationapp\flightreservationapp\passenger.cpp(88): error C2679: binary '<<': no operator found which takes a right-hand operand of type 'const std::string' (or there is no acceptable conversion)
  c:\program files (x86)\microsoft visual studio\2017\community\vc\tools\msvc\14.16.27023\include\ostream(508): note: could be 'std::basic_ostream<char,std::char_traits<char>> &std::basic_ostream<char,std::char_traits<char>>::operator <<(std::basic_streambuf<char,std::char_traits<char>> *)'
  c:\program files (x86)\microsoft visual studio\2017\community\vc\tools\msvc\14.16.27023\include\ostream(480): note: or       'std::basic_ostream<char,std::char_traits<char>> &std::basic_ostream<char,std::char_traits<char>>::operator <<(const void *)'
  c:\program files (x86)\microsoft visual studio\2017\community\vc\tools\msvc\14.16.27023\include\ostream(460): note: or       'std::basic_ostream<char,std::char_traits<char>> &std::basic_ostream<char,std::char_traits<char>>::operator <<(long double)'
  c:\program files (x86)\microsoft visual studio\2017\community\vc\tools\msvc\14.16.27023\include\ostream(440): note: or       'std::basic_ostream<char,std::char_traits<char>> &std::basic_ostream<char,std::char_traits<char>>::operator <<(double)'
  c:\program files (x86)\microsoft visual studio\2017\community\vc\tools\msvc\14.16.27023\include\ostream(420): note: or       'std::basic_ostream<char,std::char_traits<char>> &std::basic_ostream<char,std::char_traits<char>>::operator <<(float)'
  c:\program files (x86)\microsoft visual studio\2017\community\vc\tools\msvc\14.16.27023\include\ostream(400): note: or       'std::basic_ostream<char,std::char_traits<char>> &std::basic_ostream<char,std::char_traits<char>>::operator <<(unsigned __int64)'
  c:\program files (x86)\microsoft visual studio\2017\community\vc\tools\msvc\14.16.27023\include\ostream(380): note: or       'std::basic_ostream<char,std::char_traits<char>> &std::basic_ostream<char,std::char_traits<char>>::operator <<(__int64)'
  c:\program files (x86)\microsoft visual studio\2017\community\vc\tools\msvc\14.16.27023\include\ostream(360): note: or       'std::basic_ostream<char,std::char_traits<char>> &std::basic_ostream<char,std::char_traits<char>>::operator <<(unsigned long)'
  c:\program files (x86)\microsoft visual studio\2017\community\vc\tools\msvc\14.16.27023\include\ostream(340): note: or       'std::basic_ostream<char,std::char_traits<char>> &std::basic_ostream<char,std::char_traits<char>>::operator <<(long)'
  c:\program files (x86)\microsoft visual studio\2017\community\vc\tools\msvc\14.16.27023\include\ostream(320): note: or       'std::basic_ostream<char,std::char_traits<char>> &std::basic_ostream<char,std::char_traits<char>>::operator <<(unsigned int)'
  c:\program files (x86)\microsoft visual studio\2017\community\vc\tools\msvc\14.16.27023\include\ostream(295): note: or       'std::basic_ostream<char,std::char_traits<char>> &std::basic_ostream<char,std::char_traits<char>>::operator <<(int)'
  c:\program files (x86)\microsoft visual studio\2017\community\vc\tools\msvc\14.16.27023\include\ostream(275): note: or       'std::basic_ostream<char,std::char_traits<char>> &std::basic_ostream<char,std::char_traits<char>>::operator <<(unsigned short)'
  c:\program files (x86)\microsoft visual studio\2017\community\vc\tools\msvc\14.16.27023\include\ostream(241): note: or       'std::basic_ostream<char,std::char_traits<char>> &std::basic_ostream<char,std::char_traits<char>>::operator <<(short)'
  c:\program files (x86)\microsoft visual studio\2017\community\vc\tools\msvc\14.16.27023\include\ostream(221): note: or       'std::basic_ostream<char,std::char_traits<char>> &std::basic_ostream<char,std::char_traits<char>>::operator <<(bool)'
  c:\program files (x86)\microsoft visual studio\2017\community\vc\tools\msvc\14.16.27023\include\ostream(215): note: or       'std::basic_ostream<char,std::char_traits<char>> &std::basic_ostream<char,std::char_traits<char>>::operator <<(std::ios_base &(__cdecl *)(std::ios_base &))'
  c:\program files (x86)\microsoft visual studio\2017\community\vc\tools\msvc\14.16.27023\include\ostream(209): note: or       'std::basic_ostream<char,std::char_traits<char>> &std::basic_ostream<char,std::char_traits<char>>::operator <<(std::basic_ios<char,std::char_traits<char>> &(__cdecl *)(std::basic_ios<char,std::char_traits<char>> &))'
  c:\program files (x86)\microsoft visual studio\2017\community\vc\tools\msvc\14.16.27023\include\ostream(204): note: or       'std::basic_ostream<char,std::char_traits<char>> &std::basic_ostream<char,std::char_traits<char>>::operator <<(std::basic_ostream<char,std::char_traits<char>> &(__cdecl *)(std::basic_ostream<char,std::char_traits<char>> &))'
  c:\program files (x86)\microsoft visual studio\2017\community\vc\tools\msvc\14.16.27023\include\ostream(1047): note: or       'std::basic_ostream<char,std::char_traits<char>> &std::operator <<<char,std::char_traits<char>>(std::basic_ostream<char,std::char_traits<char>> &,const std::error_code &)'
  c:\program files (x86)\microsoft visual studio\2017\community\vc\tools\msvc\14.16.27023\include\ostream(981): note: or       'std::basic_ostream<char,std::char_traits<char>> &std::operator <<<std::char_traits<char>>(std::basic_ostream<char,std::char_traits<char>> &,unsigned char)'
  c:\program files (x86)\microsoft visual studio\2017\community\vc\tools\msvc\14.16.27023\include\ostream(974): note: or       'std::basic_ostream<char,std::char_traits<char>> &std::operator <<<std::char_traits<char>>(std::basic_ostream<char,std::char_traits<char>> &,const unsigned char *)'
  c:\program files (x86)\microsoft visual studio\2017\community\vc\tools\msvc\14.16.27023\include\ostream(967): note: or       'std::basic_ostream<char,std::char_traits<char>> &std::operator <<<std::char_traits<char>>(std::basic_ostream<char,std::char_traits<char>> &,signed char)'
  c:\program files (x86)\microsoft visual studio\2017\community\vc\tools\msvc\14.16.27023\include\ostream(960): note: or       'std::basic_ostream<char,std::char_traits<char>> &std::operator <<<std::char_traits<char>>(std::basic_ostream<char,std::char_traits<char>> &,const signed char *)'
  c:\program files (x86)\microsoft visual studio\2017\community\vc\tools\msvc\14.16.27023\include\ostream(834): note: or       'std::basic_ostream<char,std::char_traits<char>> &std::operator <<<std::char_traits<char>>(std::basic_ostream<char,std::char_traits<char>> &,char)'
  c:\program files (x86)\microsoft visual studio\2017\community\vc\tools\msvc\14.16.27023\include\ostream(787): note: or       'std::basic_ostream<char,std::char_traits<char>> &std::operator <<<std::char_traits<char>>(std::basic_ostream<char,std::char_traits<char>> &,const char *)'
  c:\program files (x86)\microsoft visual studio\2017\community\vc\tools\msvc\14.16.27023\include\ostream(749): note: or       'std::basic_ostream<char,std::char_traits<char>> &std::operator <<<char,std::char_traits<char>>(std::basic_ostream<char,std::char_traits<char>> &,char)'
  c:\program files (x86)\microsoft visual studio\2017\community\vc\tools\msvc\14.16.27023\include\ostream(702): note: or       'std::basic_ostream<char,std::char_traits<char>> &std::operator <<<char,std::char_traits<char>>(std::basic_ostream<char,std::char_traits<char>> &,const char *)'
  c:\c++\flightreservationapp\flightreservationapp\passenger.cpp(88): note: while trying to match the argument list '(std::basic_ostream<char,std::char_traits<char>>, const std::string)'
  Flight.cpp
c:\c++\flightreservationapp\flightreservationapp\flight.cpp(143): error C3867: 'FlightReservationApp::Flight::getDestination': non-standard syntax; use '&' to create a pointer to member
c:\c++\flightreservationapp\flightreservationapp\flight.cpp(149): error C3867: 'FlightReservationApp::Flight::getboardingTime': non-standard syntax; use '&' to create a pointer to member
c:\c++\flightreservationapp\flightreservationapp\flight.cpp(151): error C3867: 'FlightReservationApp::Flight::getarrivalTime': non-standard syntax; use '&' to create a pointer to member
  Generating Code...
